🔔 [MODEL V1] MEMASUKI BABAK 2: Augmentasi Dimatikan (Clean Fine-Tuning)!

--- Model: V1 | Epoch 16/20 [Stage 2 (Clean)] (Batch: 24) ---
Training:   0%|                                                                                                                                                | 0/1253 [00:00<?, ?it/s]
Traceback (most recent call last):
  File "/home/ai/Rayhan/selectedtopics/HW2/train-paper-implementation.py", line 295, in <module>
    main()
  File "/home/ai/Rayhan/selectedtopics/HW2/train-paper-implementation.py", line 241, in main
    train_loss = train_one_epoch(model, ema_model, train_loader, optimizer, scaler, scheduler, DEVICE)
  File "/home/ai/Rayhan/selectedtopics/HW2/train-paper-implementation.py", line 114, in train_one_epoch
    for images, targets, _, orig_sizes in progress_bar:
  File "/home/ai/miniconda3/envs/selectedtopics_env/lib/python3.10/site-packages/tqdm/std.py", line 1181, in __iter__
    for obj in iterable:
  File "/home/ai/miniconda3/envs/selectedtopics_env/lib/python3.10/site-packages/torch/utils/data/dataloader.py", line 720, in __next__
    data = self._next_data()
  File "/home/ai/miniconda3/envs/selectedtopics_env/lib/python3.10/site-packages/torch/utils/data/dataloader.py", line 1527, in _next_data
    return self._process_data(data, worker_id)
  File "/home/ai/miniconda3/envs/selectedtopics_env/lib/python3.10/site-packages/torch/utils/data/dataloader.py", line 1565, in _process_data
    data.reraise()
  File "/home/ai/miniconda3/envs/selectedtopics_env/lib/python3.10/site-packages/torch/_utils.py", line 774, in reraise
    raise exception
TypeError: Caught TypeError in DataLoader worker process 0.
Original Traceback (most recent call last):
  File "/home/ai/miniconda3/envs/selectedtopics_env/lib/python3.10/site-packages/torch/utils/data/_utils/worker.py", line 374, in _worker_loop
    data = fetcher.fetch(index)  # type: ignore[possibly-undefined]
  File "/home/ai/miniconda3/envs/selectedtopics_env/lib/python3.10/site-packages/torch/utils/data/_utils/fetch.py", line 54, in fetch
    data = [self.dataset[idx] for idx in possibly_batched_index]
  File "/home/ai/miniconda3/envs/selectedtopics_env/lib/python3.10/site-packages/torch/utils/data/_utils/fetch.py", line 54, in <listcomp>
    data = [self.dataset[idx] for idx in possibly_batched_index]
  File "/home/ai/Rayhan/selectedtopics/HW2/train-paper-implementation.py", line 50, in __getitem__
    image, target = self.transforms(image, target)
TypeError: Compose.__call__() takes 2 positional arguments but 3 were given
